<?xml version="1.0" encoding="UTF-8"?>
<!-- Generated by org.testng.reporters.JUnitXMLReporter -->
<testsuite hostname="LAPTOP-N0G0NBDP" ignored="0" name="Selenium scripts" tests="5" failures="0" timestamp="22 Aug 2020 00:56:30 GMT" time="21.073" errors="0">
  <testcase name="createAccount" time="3.777" classname="com.TestNGScripts.WikiTestCase"/>
  <testcase name="createCust" time="0.002" classname="com.TestNGScripts.AnnotationsTestNG"/>
  <testcase name="MainPage" time="3.546" classname="com.TestNGScripts.WikiTestCase"/>
  <testcase name="searchCust" time="0.002" classname="com.TestNGScripts.AnnotationsTestNG"/>
  <testcase name="deleteCust" time="0.003" classname="com.TestNGScripts.AnnotationsTestNG"/>
</testsuite> <!-- Selenium scripts -->
