<?xml version="1.0" encoding="UTF-8"?>
<!-- Generated by org.testng.reporters.JUnitXMLReporter -->
<testsuite hostname="LAPTOP-N0G0NBDP" ignored="0" name="Default test" tests="3" failures="0" timestamp="22 Aug 2020 00:34:23 GMT" time="0.186" errors="0">
  <testcase name="createCust" time="0.012" classname="com.TestNGScripts.AnnotationsTestNG"/>
  <testcase name="searchCust" time="0.005" classname="com.TestNGScripts.AnnotationsTestNG"/>
  <testcase name="deleteCust" time="0.003" classname="com.TestNGScripts.AnnotationsTestNG"/>
</testsuite> <!-- Default test -->
